nov. 18, 2025 10:03:17 PM liquibase.database
INFORMAÇÕES: Error fetching reserved words list from JDBC driver
java.sql.SQLSyntaxErrorException: Unknown column 'RESERVED' in 'WHERE'
	at com.mysql.cj.jdbc.exceptions.SQLError.createSQLException(SQLError.java:112)
	at com.mysql.cj.jdbc.exceptions.SQLExceptionsMapping.translateException(SQLExceptionsMapping.java:114)
	at com.mysql.cj.jdbc.StatementImpl.executeQuery(StatementImpl.java:1311)
	at com.mysql.cj.jdbc.DatabaseMetaDataInformationSchema.getSQLKeywords(DatabaseMetaDataInformationSchema.java:981)
	at liquibase.database.jvm.JdbcConnection.attached(JdbcConnection.java:57)
	at liquibase.database.AbstractJdbcDatabase.setConnection(AbstractJdbcDatabase.java:162)
	at liquibase.database.DatabaseFactory.findCorrectDatabaseImplementation(DatabaseFactory.java:133)
	at liquibase.Liquibase.<init>(Liquibase.java:104)
	at dio.board.api.persistence.migration.MigrationStrategy.executeMigration(MigrationStrategy.java:34)
	at dio.board.api.BoardApiApplication.main(BoardApiApplication.java:13)

nov. 18, 2025 10:03:17 PM liquibase.changelog
INFORMAÇÕES: Reading resource: db/changelog/migrations/db.changelog-202511182158.sql
nov. 18, 2025 10:03:17 PM liquibase.changelog
INFORMAÇÕES: Creating database history table with name: `dio-sbj-board`.DATABASECHANGELOG
nov. 18, 2025 10:03:18 PM liquibase.changelog
INFORMAÇÕES: Reading from `dio-sbj-board`.DATABASECHANGELOG
nov. 18, 2025 10:03:18 PM liquibase.snapshot
INFORMAÇÕES: Creating snapshot
nov. 18, 2025 10:03:18 PM liquibase.executor
ADVERTÊNCIA: Name 'PK_DATABASECHANGELOGLOCK' ignored for PRIMARY key.
nov. 18, 2025 10:03:18 PM liquibase.lockservice
INFORMAÇÕES: Successfully acquired change log lock
nov. 18, 2025 10:03:18 PM liquibase.command
INFORMAÇÕES: Using deploymentId: 3514196965
nov. 18, 2025 10:03:18 PM liquibase.changelog
INFORMAÇÕES: Reading from `dio-sbj-board`.DATABASECHANGELOG
Running Changeset: db/changelog/migrations/db.changelog-202511182158.sql::202511182158::joilson
nov. 18, 2025 10:03:18 PM liquibase.changelog
INFORMAÇÕES: Custom SQL executed
nov. 18, 2025 10:03:18 PM liquibase.changelog
INFORMAÇÕES: ChangeSet db/changelog/migrations/db.changelog-202511182158.sql::202511182158::joilson ran successfully in 31ms

UPDATE SUMMARY
Run:                          1
Previously run:               0
Filtered out:                 0
-------------------------------
Total change sets:            1

nov. 18, 2025 10:03:18 PM liquibase.util
INFORMAÇÕES: UPDATE SUMMARY
nov. 18, 2025 10:03:18 PM liquibase.util
INFORMAÇÕES: Run:                          1
nov. 18, 2025 10:03:18 PM liquibase.util
INFORMAÇÕES: Previously run:               0
nov. 18, 2025 10:03:18 PM liquibase.util
INFORMAÇÕES: Filtered out:                 0
nov. 18, 2025 10:03:18 PM liquibase.util
INFORMAÇÕES: -------------------------------
nov. 18, 2025 10:03:18 PM liquibase.util
INFORMAÇÕES: Total change sets:            1
nov. 18, 2025 10:03:18 PM liquibase.util
INFORMAÇÕES: Update summary generated
nov. 18, 2025 10:03:18 PM liquibase.command
INFORMAÇÕES: Update command completed successfully.
Liquibase: Update has been successful. Rows affected: 1
nov. 18, 2025 10:03:18 PM liquibase.lockservice
INFORMAÇÕES: Successfully released change log lock
nov. 18, 2025 10:03:18 PM liquibase.command
INFORMAÇÕES: Command execution complete
